iteracao 0
021121001
201200111
021221012
111122121
012211210
120222001
122202101
012210011
112120110
111112212
021102112
010222022
112100212
202202000
022002212
102010120
120120022
222001120
001220121
101020211
001020212
110002120
220002222
010112201
211101002
110021212
000102012
022020000
222120220
212122010
022110102
002121201
021111212
110201100
iteracao 1
002202001
002000122
102002020
222200202
020022020
200200001
202200201
020020011
120200220
222220020
002200220
020002000
220200222
010200111
020000022
212121200
200200000
200112200
002020202
102000022
001100020
221002200
000110202
120120202
021202010
220002020
111212020
000100000
220200220
220200120
020220200
000202002
102222020
220002210
iteracao 2
000002012
000000202
200002020
220000000
000000020
000000012
000000201
020000022
220000201
220000000
000000000
000000000
220000000
020000222
100011000
220202200
200001000
000222000
002100000
110100000
002200000
002002000
010220000
200200202
002000020
000002020
222022000
100210000
000200220
000000220
000000200
000000000
200000020
220000220
iteracao 3
000000022
000000202
000000000
000000000
000000020
000000020
000000212
000000000
000000002
000000000
000000000
000000000
000000000
020011200
200022000
220200000
000002000
000202000
110210000
120210000
110200000
002000000
020000000
200000000
000000000
000000000
220022000
200220000
000200000
000000000
000000000
000000000
000000000
000000000
iteracao 4
000000000
000000000
000000000
000000000
000000000
000000020
000000222
000000000
000000000
000000000
000000000
000000000
000011000
000022200
000000000
000000000
000000000
110202000
220021000
201021000
220200000
112000000
000000000
000000000
000000000
000000000
000000000
000000000
000000000
000000000
000000000
000000000
000000000
000000000
iteracao 5
000000000
000000000
000000000
000000000
000000000
000000000
000000000
000000000
000000000
000000000
000000000
000011000
000022000
000000200
000000000
000000000
110000000
220002000
001002100
002002100
001200000
222000000
110000000
000000000
000000000
000000000
000000000
000000000
000000000
000000000
000000000
000000000
000000000
000000000
iteracao 6
000000000
000000000
000000000
000000000
000000000
000000000
000000000
000000000
000000000
000000000
000011000
000022000
000000000
000000000
000000000
110000000
220000000
001002000
002000210
010100210
002200000
000000000
220000000
110000000
000000000
000000000
000000000
000000000
000000000
000000000
000000000
000000000
000000000
000000000
iteracao 7
000000000
000000000
000000000
000000000
000000000
000000000
000000000
000000000
000000000
000011000
000022000
000000000
000000000
000000000
110000000
220000000
001000000
002000000
010100021
021200021
000200000
000000000
000000000
220000000
110000000
000000000
000000000
000000000
000000000
000000000
000000000
000000000
000000000
000000000
iteracao 8
000000000
000000000
000000000
000000000
000000000
000000000
000000000
000000000
000011000
000022000
000000000
000000000
000000000
110000000
220000000
001000000
002000000
010100000
020200002
002000002
000200000
000000000
000000000
000000000
220000000
110000000
000000000
000000000
000000000
000000000
000000000
000000000
000000000
000000000
