iteracao 0
120020
011211
012102
202111
122101
221110
122202
221212
200112
220220
020021
iteracao 1
201101
022022
120200
010222
200201
002221
200000
202020
001220
000001
000022
iteracao 2
002212
000102
200000
120022
200012
000002
000000
002000
002220
000002
000022
iteracao 3
002022
000212
200000
220022
200022
000002
000000
000000
000000
000000
000000
iteracao 4
000022
000222
000000
000000
000000
000000
000000
000000
000000
000000
000000
iteracao 5
000000
000000
000000
000000
000000
000000
000000
000000
000000
000000
000000
iteracao 6
000000
000000
000000
000000
000000
000000
000000
000000
000000
000000
000000
iteracao 7
000000
000000
000000
000000
000000
000000
000000
000000
000000
000000
000000
iteracao 8
000000
000000
000000
000000
000000
000000
000000
000000
000000
000000
000000
iteracao 9
000000
000000
000000
000000
000000
000000
000000
000000
000000
000000
000000
iteracao 10
000000
000000
000000
000000
000000
000000
000000
000000
000000
000000
000000
iteracao 11
000000
000000
000000
000000
000000
000000
000000
000000
000000
000000
000000
iteracao 12
000000
000000
000000
000000
000000
000000
000000
000000
000000
000000
000000
iteracao 13
000000
000000
000000
000000
000000
000000
000000
000000
000000
000000
000000
iteracao 14
000000
000000
000000
000000
000000
000000
000000
000000
000000
000000
000000
iteracao 15
000000
000000
000000
000000
000000
000000
000000
000000
000000
000000
000000
iteracao 16
000000
000000
000000
000000
000000
000000
000000
000000
000000
000000
000000
iteracao 17
000000
000000
000000
000000
000000
000000
000000
000000
000000
000000
000000
iteracao 18
000000
000000
000000
000000
000000
000000
000000
000000
000000
000000
000000
iteracao 19
000000
000000
000000
000000
000000
000000
000000
000000
000000
000000
000000
iteracao 20
000000
000000
000000
000000
000000
000000
000000
000000
000000
000000
000000
