iteracao 0
02221111000122120111110101
11121201110012012120011122
11012022202221001001002120
02021211222000210222200111
02021110022220222020200120
10111210220102221021001220
01122202221220220122102222
21002021021211120220002220
00211212102211022021012212
12110121002010212020100100
00110101102100221212121120
10221010011112222102120120
02000221221020001120122000
01012112100200120012101022
22021002121020112002200102
21121210200211201120120101
10012211000120122200021121
12202100220222112220101112
iteracao 1
10002221011200200222110202
22202002221120020200022202
22020000012202002112110201
10102022200000021222200222
00102220002220200020200201
20222021021200022102112020
02200010202000001200212200
02000102102022220201012220
10022020212022002022020022
20220202012020020100200200
10220202100201202020202200
21002020022222000200200200
10110002002001012200200100
02120220201001200020202120
00002000202100220010000202
02202020011022002220200202
20020022000200200001102202
20200201200220222000202220
iteracao 2
20000022122000000002220000
22000002002220000010000002
20020000020000000220220002
20210000200000022000010000
00210020002200001120010002
00220002022200020202220020
00000120012000002011020000
02000210212000020202020000
20002020020000002002120000
01000002020020000200000000
21200002210002202020000000
02012000020000000000000200
20220000002012022000001210
00200000002102000020000200
00000000200210200020000200
00000000022120000200000000
00000022111200000002200000
00000002200000000001000000
iteracao 3
00000002220000000002000000
00000002000000000020000000
00020000000000000220220000
00021000000000020100121000
00021000000000002220121000
00221000022000021000020000
00000200120000000022000000
00000020020000000210120000
20000020020000000002220000
12100000020000000000000000
02000000220000000000000000
02122000020000000000000000
00220000002122000000002020
00000000002200000000000000
00000000001020000000000000
00000000100200000000000000
00000002222000000002200000
00000002001000000002000000
iteracao 4
00000000000000000000000000
00000000000000000000000000
00020000000000000220200000
00002100000000000201202100
00002000000000000021202100
00002100020000022000000000
00000200220000000120000000
00000000020000000221220000
21000000000000000000220000
20200000000000000000000000
00110000000000000000000000
02220000000000000000000000
00220000002220000000000000
00000000000000000000000000
00000000012000000000000000
00000000210200000000000000
00000002202000000000000000
00000000002000000000000000
iteracao 5
00000000000000000000000000
00000000000000000000000000
00000000000000000020200000
00002200000000000012000210
00000110000000000002000210
00002200000000002010000000
00000200000000000200000000
00000000000000000202200000
22000000000000000000200000
21010000000000000000000000
00220000000000000000000000
02000000000000000000000000
00000000000000000000000000
00000000000000000000000000
00000000120000000000000000
00000000021000000000000000
00000000202000000000000000
00000000000000000000000000
iteracao 6
00000000000000000000000000
00000000000000000000000000
00000000000000000020000000
00002010000000000022000021
00000220000000000110000021
00002010000000000020000000
00000000000000000200000000
00000000000000000000000000
22100000000000000000000000
22120000000000000000000000
00020000000000000000000000
00000000000000000000000000
00000000000000000000000000
00000000000000000000000000
00000000200000000000000000
00000000002000000000000000
00000000002000000000000000
00000000000000000000000000
