iteracao 0
22121102011
22011222000
00002222221
22101111022
21202200200
01211100000
11020101021
01002100220
00201121211
00100210102
iteracao 1
02202200011
02122020000
00100000222
20212222022
02000001200
02022200000
12000202022
02100201000
01012202022
00211020200
iteracao 2
02200000011
00200000011
01200000000
00022022000
00000002200
02000000000
20000002000
10210002000
02020202000
00022000000
iteracao 3
00000000111
00200000111
02200000011
00000000000
00000000000
00000000000
20000000000
20220000000
02020000000
00000000000
iteracao 4
00000001111
00000001111
00000000011
00000000011
00000000000
00000000000
00000000000
00000000000
00000000000
00000000000
iteracao 5
00000011111
00000011111
00000001011
00000000111
00000000011
00000000000
00000000000
00000000000
00000000000
00000000000
iteracao 6
00000111111
00000111111
00000001011
00000001111
00000000011
00000000011
00000000000
00000000000
00000000000
00000000000
iteracao 7
00001111111
00001111111
00000101011
00000011111
00000001011
00000000111
00000000011
00000000000
00000000000
00000000000
iteracao 8
00011111111
00011111111
00000101011
00000111111
00000001011
00000001111
00000000011
00000000011
00000000000
00000000000
iteracao 9
00111111111
00111111111
00010101011
00001111111
00000101011
00000011111
00000001011
00000000111
00000000011
00000000000
iteracao 10
01111111111
01111111111
00010101011
00011111111
00000101011
00000111111
00000001011
00000001111
00000000011
00000000011
iteracao 11
11111111111
11111111111
01010101011
00111111111
00010101011
00001111111
00000101011
00000011111
00000001011
00000000111
iteracao 12
11111111111
11111111111
01010101011
01111111111
00010101011
00011111111
00000101011
00000111111
00000001011
00000001111
