iteracao 0
21012212222220011201210
10010202212011210122010
02002212212100111011222
20110212000210220220110
10212222111022122102001
01202000202002100220011
21000021220212221200100
11221001200100121111000
10121021220201012010010
12210020220111120110210
02011121220210222002210
01020102002100211200221
iteracao 1
02020222222201022012021
21021010020122020200021
00000020020200222022000
21221020000020000000221
20020220222120202202001
02002001000100201020111
02000002000020002000101
22002102000200202221010
20202102001001020010021
20020001000222201221020
10022202201020000012020
02100202002210222200202
iteracao 2
02020022002212000022002
22022120000202000200002
11111020000200000000011
22222000000020000000002
20020220200200002202102
00000002001210002001211
00000012000020002000101
00000210000200200202020
00000202002002020120002
20000012011022202002020
21020002202120000120000
00200000002020000200000
iteracao 3
00000020000222000000000
00000220000202000000010
22222120000000000000022
00000000000000000000100
00000000000000000000200
00000002002020000002022
00000120000120000001202
00000021000000000202000
00000010010000000220000
20000022022120000110000
22000002210220000220000
00200000002020000200000
iteracao 4
00000000000000000000000
00000220000000000000020
00002220000000000000102
00000000000000000000200
00000000000000000000200
00000000002020000002000
00000200000220000002200
00000102101000000002000
00000021121000000000000
00000022100220000220000
00000000221220000000000
00000000002000000000000
iteracao 5
00000000000000000000000
00000000000000000000020
00000000000000000000200
00000000000000000000200
00000000000000000000000
00000000000000000000000
00000200010200000000000
00000210202100000000000
00000002202100000000000
00000020201000000000000
00000000202200000000000
00000000002000000000000
