iteracao 0
2122021212000022012012001020221021121020200
0002002022222121011220112200121211101220200
0120122012002101212011221212222221100112022
0211110202221211211120012102020001012000211
0012221202021021002111112010112020011121120
1111220021021212002201111200111020022012011
0010001120120012002021021100210021001210220
0211011000001021122101021212102121110210011
1101201021122000022022001122200202012212211
0120211210212020100221101012220101210212102
1220122122201102112201222210211111220010102
1020010120202221021002112221110212010111021
1200012000122101110000012011000201220211021
0211122222022020211002100220220001102111110
1220112021202120021101102021102022102201020
iteracao 1
2220022022000002020120102000202002202100000
1112012000000202022000220001202022202000000
0200202022000202020022002020202002100222000
0022221002002022022200020200100012020000022
1020002202002002010222120020220020022202200
1122200002102020002002222010222020100020022
1020002201201020102002002210020102002020000
1022021010002102222202102020210202220020122
2202002002200000002000002200201000020020022
0201022020020121200002202020200202021020200
2020200202212210220212000020022222000020202
2000020200210002002000220002220020021221002
2010020000222202220101020022010202000021002
1022200020120101022010200200020012212221221
2000222022202220002112210022200020212001000
iteracao 2
0000022000000000000220200000200000002200000
2222022000000000002000220002200002202000000
1010210000000000000000000021000000200000000
0000022000000000022000020000200020020000000
1020002202000000020002220021220021020000000
1220000000212000112002220121002020200000000
1020002012012120200002000021021202000000000
2100022121000202220002200020220000000000220
2202002102001100000000000000212000020000020
0002000000021202200002000000000200022000000
0020200000020021200222000000000000011120200
0000000000021002002101200000220000022202100
2120000000000212200202000000020202011002002
2122000000220212000020000000020022020002022
2000000002202200002220220000000020020012100
iteracao 3
0000000000000000000000000000000000000000000
2022022000000000000000000002200000000000000
2120220000000000000000000022000000000000000
1000022000000000000000000011000020000000000
2100000000000000100000000002000022000000000
2000000000020000222000000202002020200000000
2020002120020220010000000002122200000000000
0200000202110010000000000020001000000000000
2200000202012200000000000000222000000000000
0000000000002012200000000000000000000100000
0000000000001122200202000000000000022220200
0000000000022110002212200000000000100002200
0200000000000020000212000000000000022002000
0200000000000020000000000000000000001100020
2000000000000200000000000000000000000020200
iteracao 4
0000000000000000000000000000000000000000000
2020000000000000000000000000000000000000000
0220000000000000000000000000000000000000000
2010000000000000000000000022000000000000000
0200000000000000200000000010000000000000000
2000000000000000002000000002000000000000000
0000002220100220020000000002202200000000000
0000000202221020000000000000012000000000000
0000000002020011000000000000022000000000000
0000000000010022000000000000000000000200000
0000000000002200000202000000000000022220000
0000000000020220000020000000000000200000000
0000000000000100000020000000000000000100000
0000000000000000000000000000000000002200000
0000000000000000000000000000000000001120000
iteracao 5
0000000000000000000000000000000000000000000
0000000000000000000000000000000000000000000
0220000000000000000000000000000000000000000
0020000000000000000000000022000000000000000
0200000000000000000000000020000000000000000
0000000000000000000000000002000000000000000
0000000000210200000000000000202000000000000
0000000002202101000000000000022000000000000
0000000000001122000000000000022000000000000
0000000000020000000000000000000000000000000
0000000000002000000000000000000000000000000
0000000000000220000000000000000000000000000
0000000000000200000000000000000000000200000
0000000000000000000000000000000000000010000
0000000000000000000000000000000000002220000
iteracao 6
0000000000000000000000000000000000000000000
0000000000000000000000000000000000000000000
0000000000000000000000000000000000000000000
0000000000000000000000000000000000000000000
0000000000000000000000000000000000000000000
0000000000000000000000000000000000000000000
0000000000221210000000000000000000000000000
0000000000210202000000000000000000000000000
0000000000002202000000000000000000000000000
0000000000021100000000000000000000000000000
0000000000000000000000000000000000000000000
0000000000000000000000000000000000000000000
0000000000000000000000000000000000000200000
0000000000000000000000000000000000000020000
0000000000000000000000000000000000000220000
iteracao 7
0000000000000000000000000000000000000000000
0000000000000000000000000000000000000000000
0000000000000000000000000000000000000000000
0000000000000000000000000000000000000000000
0000000000000000000000000000000000000000000
0000000000000100000000000000000000000000000
0000000000202020000000000000000000000000000
0000000000221002000000000000000000000000000
0000000000010000000000000000000000000000000
0000000000022200000000000000000000000000000
0000000000001100000000000000000000000000000
0000000000000000000000000000000000000000000
0000000000000000000000000000000000000000000
0000000000000000000000000000000000000000000
0000000000000000000000000000000000000000000
iteracao 8
0000000000000000000000000000000000000000000
0000000000000000000000000000000000000000000
0000000000000000000000000000000000000000000
0000000000000000000000000000000000000000000
0000000000000000000000000000000000000000000
0000000000000200000000000000000000000000000
0000000000000120000000000000000000000000000
0000000000202000000000000000000000000000000
0000000000021000000000000000000000000000000
0000000000000000000000000000000000000000000
0000000000002200000000000000000000000000000
0000000000001100000000000000000000000000000
0000000000000000000000000000000000000000000
0000000000000000000000000000000000000000000
0000000000000000000000000000000000000000000
