iteracao 0
112011221010000020100201211112212210121101212
001010120201110100111111111112102000110102222
121021002200200200010012222121200201211002212
210021020212021012010110110020110201211020000
012121001111012020222221210110012101110011012
120022220210220122001020101111202221111002020
011021000211121112220011010220002111000102102
110102110101202122012120012102201011202120021
012202220022012222202121012120121021021200220
100122210102110012221202002012120101110222202
021120212010212122012211001121022011110220111
201200210011002022120220022220210022011100121
100111110122100011021201002122220122122012220
112000221120011211120200121002101121111002120
222220010201021020101120200101211012000212110
102210200111021222101202020001122222201211220
212100102100022221111220011212012202022120200
002102021220022112021021202120221100202221201
222000010120120211111220212120022201002010010
022122220100121110100000112112200110221002111
220021122102100011112120001101002122100011122
001021001000201121112200121221100011200102102
112020011210022010210200012111100120002202110
001012200100121102022202212012011020220212111
021020101002121001122010002110001210100101121
010201011001001002121220111022112002012221022
001001110001220011111210211112202100210002001
222121012222022122001011011020011021102110201
110010001001120022222210001221122212000210110
010201121222002100001122202211001110001012112
021010100012221012211000122021202200001200201
112021220002211102110021200100221012121211200
020212122220210100001220112101012012011220122
211022012202122101002122210112022102021100202
012100001110122121012011011210101221111020011
122120212020211012220220111101021020120122211
222211220210200010101020001021102002220210002
001020011221121222012212000101201122001021121
012101011101200121000021021211211120110210101
021212001022010002010222010122111102010111200
100001201001020021010001001122001221000220222
111012210201101120221212002001212002101000211
220221122110021212200210202010111101120210022
iteracao 1
120012002120011021100002021120022220202102022
002020200012221201112222222220212010220102000
202002000210000011010020000202000012021000222
020102021020102122120220220000220202021001011
020202102222120000200002020220020202220022122
200100021020000202002100202222000002111000000
022102011022202222200022020001000222000212212
120210221202000202020200020212202022000200002
020012000100020002210202020200202002002000020
200200020210220122202000010020201202220202000
002200020020020200120022002202000122210021222
202000020022010100201000120000021100022210202
200222220200201022002202110222000200200020000
220100002201022022200011202000202202222010200
002220020002002000202220211102022020000020220
210021010221102020202000000002200022002022000
020201210201020002222020122020020000020200000
000212102000022220002022000200202210202002011
000110020201200022222021020200020002002120020
002200000200202220100100220220201220002000222
021102200210200022120221002202000200211022200
102002002011212202220200202002111022000200202
120001122021000020021000020222200201002010220
102020000210202200002202020020012001220020222
002000201010202012202121000220002021211202202
020012011112002000202000222000220010020202000
012102120012021022222020021220000211020100012
000202020200022200002022022000022002210220001
220120002102221100000020102002200020111020220
020001202000110210002200212022012221012020220
002120200122202020021011222102010000002000002
220002000002022100220122000201002020202022010
000020202000020201002001220202120020122000220
022000120010200202010200020220000200002200000
020210102220200202020122022020202002222000122
200201020000022020001000112202002120200202022
200022000020000020202121101002200002201020000
012000022002202000020020010202002202102002202
020202012202000202011002102022021200210020202
102020001000021000011000020200222200010222010
200002002112000102020112112200002002000001000
222120020001202201002020000002020000202100222
001002200220102022000021000010222212200020000
iteracao 2
220022002200022102100000022220022220000210000
000020000020202002120000020020222121020210000
002000000020011022021000000000000120002010000
000202002120212200200000000000000202002102022
001012200000200000200000000000000002000120200
001210102100000000002200000022000002222101110
020202022000000000000020000012000002101022222
220021202000000000020000000220200000000200002
020120001210000000220000020200002000000000000
000200000020000222012000020000002000220002000
000000000020020010200002112000010200220002200
000000000000020200212001200000022210022221200
000220000000012120002010220000001000000101000
000200000002022000000022000100000000000020000
000200120010000000000201022200000000000020000
220002021002200000000000100100000000000000000
020202021012020000000000220000000000000000011
000020212011100000000020100000000220002000022
000220020002200002222002000000020102002220001
000000000211200001210201000000002200010100000
002200000020000000200202000002100000222000000
200110100122022002200200200002222022111000000
200002220102000000022000000002000212100020000
210021110020200200000012000000022002001120000
000000202020000022002202000000002002022200000
021120122120002100002010222000000120000000000
020210200020022000000000022200000022121200020
000012020010000000000002002000000010020020012
000200002202002210000000212000200021222000020
001102200110220020002010020020120022020000000
002200200222010100022022020212021000102000002
000000000000002210221200100212012000200000020
000000200000000212100012200000220000220000220
000000200020000002121210000000000000000000000
000220210220000000000222102000002000000000220
000212120000000000002000220200002220000202020
200022000000000000000202102000000002212000000
022000022000000000000100021200002202200000000
100000020200000200122102212000022200021000202
200000012010022100122010000000022200121022120
200000000220001212100220222000000000001012100
020220000102002212002100010002000000002210200
002100000021200022000022000020000222000020000
iteracao 3
000000000000002200210000000000002200000021000
000000000000210100200000000000000202000020000
000000000020122002002000000000001200002021000
000002002220020200000000000000000200000202000
012020201110200000000000000000000000000201010
012020202200000000000000000022000002200202220
020010122000000000000000000022000002212100002
000002202100000000000000000220000000010200000
000200002020000000220000000000000000000000000
000200000120000222022000100000002000000000000
000000000000000020011000222000020200000002200
000000000000021010222012010000000020002202000
000000000000020220002021200000002100000202100
000000000002020000000000000200000000000000000
000000200120000000000002120010000000000000000
000002002010000000000001200200000000000000011
000000002020120000000001000000000000000000022
000000220022200000000000200000000220000000000
000000020100000002022000100000000200000220002
000000000222200002020002000000002200021200000
002011000101000000000002000002200000000100000
000221201200000000000000000002220020222000000
201100000210000000000000000000000220200020000
220022221020000000000022000000000000012220000
010110000020000020000010000000002000020000000
022201222220002200000020000000000220010000000
021020200100002000000000000000000100202200020
000120000020000000000000002000000020100000022
001010002000000220000000222000200002200000020
002200000220221100000020020021200020120000000
000000000002021210022120020020102000200000000
000000000000000020202001200020020000200000000
000000000000000020201020200000220000000000000
000000200000000000202020000000000000000000000
000221020000000000010020200000000000000000000
000220200000000000000001000000000000000000000
000020000000000000000202212000000000222000000
020000000000000000001210102200000000211000000
200000020200000201200202220000000000002100200
200000022020020210202120000000000000202020200
000000001000002020210000222000000000002020210
000220000212002020002200020000000000002020200
002200000002200022000020000000000000000020000
iteracao 4
000000000000000200220000000000000000000022000
000000000000021200200000000000000200000001100
000000000000200000000000000000002200000022000
000000000001020000000000000000000200000010000
120000002220000000000000000000000000000002120
120021210010000000000000000000000000201212020
020021222000000000000000000000000000020200000
000000202200000000000000000000000000120200000
000000000100000000000000000000000000000000000
000000000220000000000000200000000000000000000
000000000000000120022101002000000000000000000
000000000000022120200120120000000020000002000
000000000000020020000002000000002200000002200
000000000000000000000001100200000000000000000
000000000200000000000000220020000000000000011
000000002121000000000012000200000000000000022
000000000021220000000012100000000000000000000
000000000022200000000001000000000000000000000
000000000200000000000000200000000000000200000
000011001002200000000002000000000000022000000
000022101212000000000000000000000000001200000
001002002001000000000000000000000000002000000
002210011020000000000000000000000000200000000
200002022120000000000022000000000000022000000
021221000000000000000020000000000000101000000
000002202220000000000020000000000220020000000
022100200200000000000000000000000200012000000
010200000020000000000000000000000020200000000
002020000000001020000000000000200000010000000
002000000000002210000020000022000000220000000
000000000000002020002200000021200000200000000
000000000000000120000112200000020000000000000
000000000000000000002020200000000000000000000
000000200000000000210000000000000000000000000
000022000000000000020020200000000000000000000
000020200000000000000002100000000000000000000
000000000000000000000010022000000000200000000
000000000000000000002021212000000000222100000
000000000000000212201010220000000000010200000
000000022000000221000220000000000000002020200
000000002100000020221000000000000000000000220
000000000022000000002000000000000000000000200
000000000002000000000000000000000000000000000
iteracao 5
000000000000000200000000000000000000000020100
000000000000022200000000000000000000000002200
000000000000200000000000000000000000000000100
000000000002000000000000000000000000000021000
200000102201000000000000000000000000000010220
200002020020000000000000000000000000002020020
020002022000000000000000000000000000000000000
000000202200000000000000000000000000220000000
000000000200000000000000000000000000000000000
000000000220000000000010200000000000000000000
000000000000001200000202100000000000000000000
000000000000000200001201220000000000000000000
000000000000000020000010010000000000000000000
000000000000000000000002200000000000000000011
000000000210000000000010020000000000000000022
000000002202100000000120000000000000000000000
000000000002000000000120200000000000000000000
000000000022200000000012100000000000000000000
000011000200000000000000200000000000000000000
000022102002000000000000000000000000022000000
000100202020000000000000000000000000002200000
002100100012000000000000000000000000002000000
002020022100000000000000000000000000000000000
000110100220000000000000000000000000002000000
022222000000000000000000000000000000212000000
001112200000000000000000000000000000101000000
020200000000000000000000000000000000022000000
021200000000000000000000000000000000011000000
002000000000002120000000000000000000020000000
000000000000002020000000000022000000220000000
000000000000002100002010000022200000000000000
000000000000000220000222000000000000000000000
000000000000000000000100000000000000000000000
000000000000000000220000000000000000000000000
000000000000000000020000200000000000000000000
000000000000000000000000200000000000000000000
000000000000000000000020002000000000000000000
000000000000000000002002022000000000220200000
000000000000000220202121020000000000021200000
000000002000000202011020000000000000002000000
000000002200000020222000000000000000000000000
000000000020000000002000000000000000000000000
000000000000000000000000000000000000000000000
iteracao 6
000000000000000000000000000000000000000000200
000000000000000000000000000000000000000000010
000000000000000000000000000000000000000001200
000000000002000000000000000000000000000002100
000000200002000000000000000000000000000021200
000002020020000000000000000000000000000020000
000000000000000000000000000000000000000000000
000000000000000000000000000000000000000000000
000000000000000000000000000000000000000000000
000000000000000000000021200000000000000000000
000000000000002200000010200000000000000000000
000000000000000200002012000000000000000000000
000000000000000000000121120000000000000000011
000000000000000000000110200000000000000000022
000000000221000000000120000000000000000000000
000000000200200000001200000000000000000000000
000000000002000000001201200000000000000000000
000011000000000000000120200000000000000000000
000022100000000000000001200000000000000000000
000100200000000000000000000000000000000000000
001211010020000000000000000000000000000000000
000210200122000000000000000000000000000000000
000000102210000000000000000000000000000000000
000221200220000000000000000000000000002000000
020000000000000000000000000000000000020000000
002222000000000000000000000000000000202000000
000010000000000000000000000000000000100100000
022200000000000000000000000000000000022000000
002000000000002220000000000000000000001000000
000000000000000100000000000000000000000000000
000000000000002200000020000000000000000000000
000000000000000220000002000000000000000000000
000000000000000000000200000000000000000000000
000000000000000000000000000000000000000000000
000000000000000000000000000000000000000000000
000000000000000000000000000000000000000000000
000000000000000000000000000000000000000000000
000000000000000000002012000000000000020200000
000000000000000000210202000000000000022200000
000000000000000000022100000000000000002000000
000000000000000000200000000000000000000000000
000000000000000000000000000000000000000000000
000000000000000000000000000000000000000000000
iteracao 7
000000000000000000000000000000000000000000200
000000000000000000000000000000000000000000120
000000000000000000000000000000000000000002010
000000000000000000000000000000000000000010200
000000000000000000000000000000000000000022000
000000000000000000000000000000000000000020000
000000000000000000000000000000000000000000000
000000000000000000000000000000000000000000000
000000000000000000000000000000000000000000000
000000000000000000000002200000000000000000000
000000000000000000000120200000000000000000000
000000000000000000002020100000000000000000011
000000000000000000001202220000000000000000022
000000000000000000000220000000000000000000000
000000000022000000000200000000000000000000000
000000000000200000012010000000000000000000000
000011000000000000012012200000000000000000000
000022100000000000001201000000000000000000000
000100200000000000000012200000000000000000000
001200010000000000000000000000000000000000000
002022121020000000000000000000000000000000000
000020011202000000000000000000000000000000000
000010202020000000000000000000000000000000000
000022000220000000000000000000000000000000000
000000000000000000000000000000000000000000000
000222000000000000000000000000000000202000000
000020000000000000000000000000000000200200000
000200000000000000000000000000000000000100000
000000000000002220000000000000000000002000000
000000000000000200000000000000000000000000000
000000000000002200000000000000000000000000000
000000000000000000000000000000000000000000000
000000000000000000000000000000000000000000000
000000000000000000000000000000000000000000000
000000000000000000000000000000000000000000000
000000000000000000000000000000000000000000000
000000000000000000000000000000000000000000000
000000000000000000002022000000000000000000000
000000000000000000221012000000000000000000000
000000000000000000020200000000000000000000000
000000000000000000000000000000000000000000000
000000000000000000000000000000000000000000000
000000000000000000000000000000000000000000000
iteracao 8
000000000000000000000000000000000000000000200
000000000000000000000000000000000000000000200
000000000000000000000000000000000000000000120
000000000000000000000000000000000000000020200
000000000000000000000000000000000000000022000
000000000000000000000000000000000000000000000
000000000000000000000000000000000000000000000
000000000000000000000000000000000000000000000
000000000000000000000000000000000000000000000
000000000000000000000000000000000000000000000
000000000000000000000220200000000000000000011
000000000000000000000120200000000000000000022
000000000000000000002202220000000000000000000
000000000000000000000200000000000000000000000
000000000000000000000200000000000000000000000
000011000000000000120121000000000000000000000
000022100000000000120020200000000000000000000
000100200000000000012002000000000000000000000
001200010000000000000120200000000000000000000
002000121000000000000000000000000000000000000
002002202100000000000000000000000000000000000
000021122000000000000000000000000000000000000
000020210000000000000000000000000000000000000
000022000000000000000000000000000000000000000
000000000000000000000000000000000000000000000
000000000000000000000000000000000000000000000
000000000000000000000000000000000000000200000
000000000000000000000000000000000000000200000
000000000000000000000000000000000000002000000
000000000000000000000000000000000000000000000
000000000000000000000000000000000000000000000
000000000000000000000000000000000000000000000
000000000000000000000000000000000000000000000
000000000000000000000000000000000000000000000
000000000000000000000000000000000000000000000
000000000000000000000000000000000000000000000
000000000000000000000000000000000000000000000
000000000000000000002122000000000000000000000
000000000000000000022122000000000000000000000
000000000000000000020000000000000000000000000
000000000000000000000000000000000000000000000
000000000000000000000000000000000000000000000
000000000000000000000000000000000000000000000
iteracao 9
000000000000000000000000000000000000000000000
000000000000000000000000000000000000000000200
000000000000000000000000000000000000000000220
000000000000000000000000000000000000000000200
000000000000000000000000000000000000000000000
000000000000000000000000000000000000000000000
000000000000000000000000000000000000000000000
000000000000000000000000000000000000000000000
000000000000000000000000000000000000000000000
000000000000000000000000000000000000000000011
000000000000000000000220000000000000000000022
000000000000000000000220000000000000000000000
000000000000000000002200000000000000000000000
000000000000000000000000000000000000000000000
000011000000000000000210000000000000000000000
000022100000000001200202000000000000000000000
000100200000000001201000200000000000000000000
001200010000000000120000000000000000000000000
002000121000000000001220000000000000000000000
002000202100000000000000000000000000000000000
000000000200000000000000000000000000000000000
000022200000000000000000000000000000000000000
000021020000000000000000000000000000000000000
000000000000000000000000000000000000000000000
000000000000000000000000000000000000000000000
000000000000000000000000000000000000000000000
000000000000000000000000000000000000000000000
000000000000000000000000000000000000000000000
000000000000000000000000000000000000000000000
000000000000000000000000000000000000000000000
000000000000000000000000000000000000000000000
000000000000000000000000000000000000000000000
000000000000000000000000000000000000000000000
000000000000000000000000000000000000000000000
000000000000000000000000000000000000000000000
000000000000000000000000000000000000000000000
000000000000000000000000000000000000000000000
000000000000000000000200000000000000000000000
000000000000000000000200000000000000000000000
000000000000000000000000000000000000000000000
000000000000000000000000000000000000000000000
000000000000000000000000000000000000000000000
000000000000000000000000000000000000000000000
iteracao 10
000000000000000000000000000000000000000000000
000000000000000000000000000000000000000000000
000000000000000000000000000000000000000000000
000000000000000000000000000000000000000000000
000000000000000000000000000000000000000000000
000000000000000000000000000000000000000000000
000000000000000000000000000000000000000000000
000000000000000000000000000000000000000000000
000000000000000000000000000000000000000000011
000000000000000000000000000000000000000000022
000000000000000000000000000000000000000000000
000000000000000000000000000000000000000000000
000000000000000000000000000000000000000000000
000011000000000000000000000000000000000000000
000022100000000000000220000000000000000000000
000100200000000012000002000000000000000000000
001200010000000012012000000000000000000000000
002000121000000001201100000000000000000000000
002000202100000000012200000000000000000000000
000000210200000000000000000000000000000000000
000000000200000000000000000000000000000000000
000022200000000000000000000000000000000000000
000022000000000000000000000000000000000000000
000000000000000000000000000000000000000000000
000000000000000000000000000000000000000000000
000000000000000000000000000000000000000000000
000000000000000000000000000000000000000000000
000000000000000000000000000000000000000000000
000000000000000000000000000000000000000000000
000000000000000000000000000000000000000000000
000000000000000000000000000000000000000000000
000000000000000000000000000000000000000000000
000000000000000000000000000000000000000000000
000000000000000000000000000000000000000000000
000000000000000000000000000000000000000000000
000000000000000000000000000000000000000000000
000000000000000000000000000000000000000000000
000000000000000000000000000000000000000000000
000000000000000000000000000000000000000000000
000000000000000000000000000000000000000000000
000000000000000000000000000000000000000000000
000000000000000000000000000000000000000000000
000000000000000000000000000000000000000000000
iteracao 11
000000000000000000000000000000000000000000000
000000000000000000000000000000000000000000000
000000000000000000000000000000000000000000000
000000000000000000000000000000000000000000000
000000000000000000000000000000000000000000000
000000000000000000000000000000000000000000000
000000000000000000000000000000000000000000000
000000000000000000000000000000000000000000011
000000000000000000000000000000000000000000022
000000000000000000000000000000000000000000000
000000000000000000000000000000000000000000000
000000000000000000000000000000000000000000000
000011000000000000000000000000000000000000000
000022100000000000000000000000000000000000000
000100200000000000000000000000000000000000000
001200010000000120000000000000000000000000000
002000121000000120120100000000000000000000000
002000202100000012002200000000000000000000000
000000000200000000120000000000000000000000000
000000221200000000000000000000000000000000000
000000000000000000000000000000000000000000000
000000000000000000000000000000000000000000000
000000000000000000000000000000000000000000000
000000000000000000000000000000000000000000000
000000000000000000000000000000000000000000000
000000000000000000000000000000000000000000000
000000000000000000000000000000000000000000000
000000000000000000000000000000000000000000000
000000000000000000000000000000000000000000000
000000000000000000000000000000000000000000000
000000000000000000000000000000000000000000000
000000000000000000000000000000000000000000000
000000000000000000000000000000000000000000000
000000000000000000000000000000000000000000000
000000000000000000000000000000000000000000000
000000000000000000000000000000000000000000000
000000000000000000000000000000000000000000000
000000000000000000000000000000000000000000000
000000000000000000000000000000000000000000000
000000000000000000000000000000000000000000000
000000000000000000000000000000000000000000000
000000000000000000000000000000000000000000000
000000000000000000000000000000000000000000000
iteracao 12
000000000000000000000000000000000000000000000
000000000000000000000000000000000000000000000
000000000000000000000000000000000000000000000
000000000000000000000000000000000000000000000
000000000000000000000000000000000000000000000
000000000000000000000000000000000000000000000
000000000000000000000000000000000000000000011
000000000000000000000000000000000000000000022
000000000000000000000000000000000000000000000
000000000000000000000000000000000000000000000
000000000000000000000000000000000000000000000
000011000000000000000000000000000000000000000
000022100000000000000000000000000000000000000
000100200000000000000000000000000000000000000
001200010000000000000000000000000000000000000
002000121000001200000000000000000000000000000
002000202100001201220200000000000000000000000
000000210200000120112200000000000000000000000
000000001000000001220000000000000000000000000
000000022200000000000000000000000000000000000
000000000000000000000000000000000000000000000
000000000000000000000000000000000000000000000
000000000000000000000000000000000000000000000
000000000000000000000000000000000000000000000
000000000000000000000000000000000000000000000
000000000000000000000000000000000000000000000
000000000000000000000000000000000000000000000
000000000000000000000000000000000000000000000
000000000000000000000000000000000000000000000
000000000000000000000000000000000000000000000
000000000000000000000000000000000000000000000
000000000000000000000000000000000000000000000
000000000000000000000000000000000000000000000
000000000000000000000000000000000000000000000
000000000000000000000000000000000000000000000
000000000000000000000000000000000000000000000
000000000000000000000000000000000000000000000
000000000000000000000000000000000000000000000
000000000000000000000000000000000000000000000
000000000000000000000000000000000000000000000
000000000000000000000000000000000000000000000
000000000000000000000000000000000000000000000
000000000000000000000000000000000000000000000
iteracao 13
000000000000000000000000000000000000000000000
000000000000000000000000000000000000000000000
000000000000000000000000000000000000000000000
000000000000000000000000000000000000000000000
000000000000000000000000000000000000000000000
000000000000000000000000000000000000000000011
000000000000000000000000000000000000000000022
000000000000000000000000000000000000000000000
000000000000000000000000000000000000000000000
000000000000000000000000000000000000000000000
000011000000000000000000000000000000000000000
000022100000000000000000000000000000000000000
000100200000000000000000000000000000000000000
001200010000000000000000000000000000000000000
002000121000000000000000000000000000000000000
002000202100012000000000000000000000000000000
000000000200012012000000000000000000000000000
000000220000001200222000000000000000000000000
000000012000000012000000000000000000000000000
000000022200000000000000000000000000000000000
000000000000000000000000000000000000000000000
000000000000000000000000000000000000000000000
000000000000000000000000000000000000000000000
000000000000000000000000000000000000000000000
000000000000000000000000000000000000000000000
000000000000000000000000000000000000000000000
000000000000000000000000000000000000000000000
000000000000000000000000000000000000000000000
000000000000000000000000000000000000000000000
000000000000000000000000000000000000000000000
000000000000000000000000000000000000000000000
000000000000000000000000000000000000000000000
000000000000000000000000000000000000000000000
000000000000000000000000000000000000000000000
000000000000000000000000000000000000000000000
000000000000000000000000000000000000000000000
000000000000000000000000000000000000000000000
000000000000000000000000000000000000000000000
000000000000000000000000000000000000000000000
000000000000000000000000000000000000000000000
000000000000000000000000000000000000000000000
000000000000000000000000000000000000000000000
000000000000000000000000000000000000000000000
iteracao 14
000000000000000000000000000000000000000000000
000000000000000000000000000000000000000000000
000000000000000000000000000000000000000000000
000000000000000000000000000000000000000000000
000000000000000000000000000000000000000000011
000000000000000000000000000000000000000000022
000000000000000000000000000000000000000000000
000000000000000000000000000000000000000000000
000000000000000000000000000000000000000000000
000011000000000000000000000000000000000000000
000022100000000000000000000000000000000000000
000100200000000000000000000000000000000000000
001200010000000000000000000000000000000000000
002000121000000000000000000000000000000000000
002000202100000000000000000000000000000000000
000000210200120000000000000000000000000000000
000000000200120122000000000000000000000000000
000000220000012011000000000000000000000000000
000000022000000122000000000000000000000000000
000000022000000000000000000000000000000000000
000000000000000000000000000000000000000000000
000000000000000000000000000000000000000000000
000000000000000000000000000000000000000000000
000000000000000000000000000000000000000000000
000000000000000000000000000000000000000000000
000000000000000000000000000000000000000000000
000000000000000000000000000000000000000000000
000000000000000000000000000000000000000000000
000000000000000000000000000000000000000000000
000000000000000000000000000000000000000000000
000000000000000000000000000000000000000000000
000000000000000000000000000000000000000000000
000000000000000000000000000000000000000000000
000000000000000000000000000000000000000000000
000000000000000000000000000000000000000000000
000000000000000000000000000000000000000000000
000000000000000000000000000000000000000000000
000000000000000000000000000000000000000000000
000000000000000000000000000000000000000000000
000000000000000000000000000000000000000000000
000000000000000000000000000000000000000000000
000000000000000000000000000000000000000000000
000000000000000000000000000000000000000000000
iteracao 15
000000000000000000000000000000000000000000000
000000000000000000000000000000000000000000000
000000000000000000000000000000000000000000000
000000000000000000000000000000000000000000011
000000000000000000000000000000000000000000022
000000000000000000000000000000000000000000000
000000000000000000000000000000000000000000000
000000000000000000000000000000000000000000000
000011000000000000000000000000000000000000000
000022100000000000000000000000000000000000000
000100200000000000000000000000000000000000000
001200010000000000000000000000000000000000000
002000121000000000000000000000000000000000000
002000202100000000000000000000000000000000000
000000000200000000000000000000000000000000000
000000221201200000000000000000000000000000000
000000000001201200000000000000000000000000000
000000000000120022000000000000000000000000000
000000000000001200000000000000000000000000000
000000000000000000000000000000000000000000000
000000000000000000000000000000000000000000000
000000000000000000000000000000000000000000000
000000000000000000000000000000000000000000000
000000000000000000000000000000000000000000000
000000000000000000000000000000000000000000000
000000000000000000000000000000000000000000000
000000000000000000000000000000000000000000000
000000000000000000000000000000000000000000000
000000000000000000000000000000000000000000000
000000000000000000000000000000000000000000000
000000000000000000000000000000000000000000000
000000000000000000000000000000000000000000000
000000000000000000000000000000000000000000000
000000000000000000000000000000000000000000000
000000000000000000000000000000000000000000000
000000000000000000000000000000000000000000000
000000000000000000000000000000000000000000000
000000000000000000000000000000000000000000000
000000000000000000000000000000000000000000000
000000000000000000000000000000000000000000000
000000000000000000000000000000000000000000000
000000000000000000000000000000000000000000000
000000000000000000000000000000000000000000000
