iteracao 0
2121012112002210010220110000001211
0001201020202100211202011112012000
0200011222021101021220211120111101
1102001221100001121102220010100212
1112002000002221101111111200122201
2121020001202022120011220020012200
0120021001021102002210111002220201
2011212221121112000120200212010220
2111210000211221121100200211110202
0210111120000000211022021011112202
1212110102022012011100101021212101
2212002221102120122012121000120020
2111211102022222000120012022000201
2022001112202220202002221111120020
2211202200222121220200201001201222
2210100000020100210020001100211022
0001002110122102020121102121221011
2101200111000112000000012002222112
0010111200120212201202022111200220
2000222101112020112102020120120020
0001200220220021102110002100201101
2012212210122201021111220110002121
0211022122010120011112102201220202
2011211020001001112100010220211100
1010222101020112010001121010122000
2111211212001102101001012102002220
1100021021111221221001100221212221
0121001100222212121002221101100121
1221110011201200012201121101010221
2200112211020010020221121012121221
1022002210022200012220120001102021
0110010022012022221212021122210220
0010210211001022021111112212100011
1201200120112012000010202011110020
1101000100122021200110202022201112
0212121121211122011120220222202201
iteracao 1
2202020222002020120200210010012021
0002002000000201022002021220020000
1010122020102202002020022200222202
2202002022211102202200000020200020
2220002010000002202122222000202212
0202020012000100201022000100122011
1200002002002200002020222102001002
0022020202202220110201001020021020
2222020111022002202210000022220000
1020221200011110022002002022220212
2020220200122120022210202002020212
0020000002202201200020202101201001
2222022200122222000201120000010002
2000002222002200202000202222200020
0022010010000202020000002002002000
0020200111020200021001102201022000
0102000210220202021202100202002022
2202000221011220001111020000020220
0110222000201020002000020222000000
0010000212222000220202000200201100
0012001000000002200220000201212202
0120020021200202002222021221000202
0022000200120200022220210002000002
2022022000112002220200021000022200
2010000202000120020101202021200100
0212022020002200202101020200012020
2200002002222002002012200002020202
0202002200000020202110002202200202
2002120022002010120212202102020002
0000220022120120101002202020202202
2000000020122200020000200002200002
1221121100120000202020002200020200
1020020022002122002222220020201022
2002000200220120000010012122220000
2202010200200002010221000000002220
1020202202022202121200000000000002
iteracao 2
0000000000000021220000221120022022
0100000000000002120000002020020000
2121220000200012000000022200000000
2000000020022200002200000000000020
0000000121010010000220002000200020
0200000120000200002120001210202022
2200000002002200100020220212002010
0000000000200000220212002120002100
2200021222100010012221000000020100
2000022000022220000110000000000020
2000020200200201000220002012020020
0000000000012212200000002212012112
0000000000220022000002220010121002
0000002220000000000001000000200000
0000021020000000020001100002000000
0020201222000000002102210002000000
0200000020001200002000210002000000
0002000202122000012222120000000000
0221000011002100000001000000001100
0020000022022000000000000000012200
0020002111000000000000000212020000
0200020022000000000000002202000000
0020000000200000000000220102000000
0022000001220000000210102000002200
0121000002111220001202002022001200
0020000000002200000202100000120020
0200000000000000000020200000020000
0002000000000021202220002200000000
0002220002002120201020002200000000
0000220000200200202102002020000000
2001111120202200000000000000000000
2022202201200000000000000000020200
2121101122000200000222221020002000
2000000000001200000021120220020000
2200020000000002121002101000000000
2000202000000002202200000000000000
iteracao 3
0000000000000022020000022220000000
1200000000000010220000000120000000
0202200000000020000000000000000000
2010000000122011000000000000000000
0000001202120020000220002100000000
0000001200100201002220002021000022
0000000000000000200100021020002120
0000000000200001000220002200000200
0000022202200020020002000000001210
0000022000020201101221000000000020
0000000000200212000000000120021100
0000000000022220200000000020120222
0000000000220022000002200120202012
0000002200000000000012000001210000
0000002100000000000002210000000000
0000012000000000002210021000000000
0000000000012200000000021000000000
0002000210200100022020200000001100
0022000022102200000002100000012200
0020000000102000000000000000020000
0000002222000000000000000222020000
0000000100000000000000002012000000
0000000000200000000001220200000000
0002000002001000000021202000002200
0202000000222200002000110002012200
0000000000100200000202200000200000
0000000000000000000000200000020000
0000000000000002202200000000000000
0000000000002200202120000000000000
0001000100000200000200000000000000
0002222200200000000000000000000000
2000000002200000000000000000000000
2202212202000200000020002000000000
2011111100002200010022201000000000
0000000000000002202000202000000000
0000000000000002212200010000000000
iteracao 4
0000000000000022000000002220000000
2200000000000020000000000220000000
0002000000000100000000000000000000
0020000001200022000000000000000000
0000012000200000100000002210000000
0000012001210002002220000102000020
0000000000000011000200022020002220
0000000000000002000220002200001010
0000000000000000000002000000002020
0000000000000212212222000000010000
0000000000000220110000000220002200
0000000000000220000000001100201002
0000000000000000000002000201012022
0000002200000000000022001012020000
0000000200000000000110221000100000
0000020000000000000220002100000000
0000000000020200000000002100001100
0000000221011200000000210000012200
0000000020212200000002200000020000
0000000001210000000000000000020000
0000002222000000000000000222000000
0000000200000000000000000022000000
0000000000000000000012000200000000
0000000000002000000002012000002000
0000000000202200000001220000022000
0000000000200000000002010000200000
0000000000000000000000000000000000
0000000000000000002200000000000000
0000000000000000002220000000000000
0002000200000000000200000000000000
0002202200000000000000000000000000
0000000000000000000000000000000000
0210020000000000000000002000000000
0022222200000000020000002000000000
0010000100000000010000210000000000
0000000000000000222000020000000000
iteracao 5
0000000000000000000000000000000000
0000000000000020000000000000000000
0000000000000200000000000000000000
0000000002200022000000000000000000
0000120011000000200000002020000000
0000120002020010100000000212000000
0000000000100022000000002020002020
0000000000000010000000000000002120
0000000000000000000000000000010120
0000000000000220020000000000020000
0000000000000221221000001020010200
0000000000000000110000002210012000
0000000000000000000000010002120000
0000000000000000000102012020000000
0000000000000000000220002011200000
0000000000000000000000000210011100
0000000000101200000000000210012200
0000000022022200000000221000020000
0000000001020200000000200000020000
0000000002021000000000000000000000
0000000022100000000000000000000000
0000000000000000000000000000000000
0000000000000000000022000000000000
0000000000000000000010122000000000
0000000000000000000002001000000000
0000000000000000000002120000000000
0000000000000000000000000000000000
0000000000000000000000000000000000
0000000000000000000000000000000000
0000000000000000000000000000000000
0000000000000000000000000000000000
0000000000000000000000000000000000
0220000000000000000000000000000000
0100002200000000020000002000000000
0020000200000000020000220000000000
0000000000000000222000020000000000
iteracao 6
0000000000000000000000000000000000
0000000000000000000000000000000000
0000000000000000000000000000000000
0000000010200000000000000000000000
0001200022000001200000000020000000
0001200010120021200000000222000000
0000000000200100000000000020002020
0000000000000020000000000000000200
0000000000000000000000000000020200
0000000000000020020000000000100000
0000000000000022002000002120121000
0000000000000001221000010021020000
0000000000000000111000121000200000
0000000000000000000200120000100000
0000000000000000000220002122010100
0000000000010000000000000020022200
0000000000212200000000000021120000
0000000020102200000000022100020000
0000000002020200000000000000000000
0000000000102000000000000000000000
0000000002210000000000000000000000
0000000000000000000000000000000000
0000000000000000000020000000000000
0000000000000000000021202000000000
0000000000000000000000102000000000
0000000000000000000002200000000000
0000000000000000000000000000000000
0000000000000000000000000000000000
0000000000000000000000000000000000
0000000000000000000000000000000000
0000000000000000000000000000000000
0000000000000000000000000000000000
0220000000000000000000000000000000
0200000000000000000000000000000000
0020000000000000000000000000000000
0000000000000000000000000000000000
iteracao 7
0000000000000000000000000000000000
0000000000000000000000000000000000
0000000000000000000000000000000000
0000000020000000000000000000000000
0012000100000012000000000000000000
0012000021220002000000000000000000
0000000001200210000000000000000000
0000000000000020000000000000000000
0000000000000000000000000000020000
0000000000000000000000000001200000
0000000000000022002000000200202000
0000000000000002002100120102100000
0000000000000001222101202001000000
0000000000000000101201201100211000
0000000000000000000000002222121200
0000000000121000000000000001000200
0000000000020000000000000002220000
0000000000212000000000002211120000
0000000000100000000000000000000000
0000000000212000000000000000000000
0000000002020000000000000000000000
0000000000000000000000000000000000
0000000000000000000020000000000000
0000000000000000000022000000000000
0000000000000000000001200000000000
0000000000000000000002200000000000
0000000000000000000000000000000000
0000000000000000000000000000000000
0000000000000000000000000000000000
0000000000000000000000000000000000
0000000000000000000000000000000000
0000000000000000000000000000000000
0000000000000000000000000000000000
0000000000000000000000000000000000
0000000000000000000000000000000000
0000000000000000000000000000000000
iteracao 8
0000000000000000000000000000000000
0000000000000000000000000000000000
0000000000000000000000000000000000
0000000020000000000000000000000000
0120000210000022000000000000000000
0120000002000110000000000000000000
0000000012000220000000000000000000
0000000000000020000000000000000000
0000000000000000000000000000000000
0000000000000000000000000002200000
0000000000000000002000000211000000
0000000000000002000201220210200000
0000000000000002000202010002001000
0000000000000001212002002211022100
0000000000010000010000000000202000
0000000000202000000000000002110200
0000000000101000000000000000020000
0000000000022000000000000222220000
0000000000201000000000000010100000
0000000000022000000000000000000000
0000000000020000000000000000000000
0000000000000000000000000000000000
0000000000000000000000000000000000
0000000000000000000022000000000000
0000000000000000000002200000000000
0000000000000000000002200000000000
0000000000000000000000000000000000
0000000000000000000000000000000000
0000000000000000000000000000000000
0000000000000000000000000000000000
0000000000000000000000000000000000
0000000000000000000000000000000000
0000000000000000000000000000000000
0000000000000000000000000000000000
0000000000000000000000000000000000
0000000000000000000000000000000000
iteracao 9
0000000000000000000000000000000000
0000000000000000000000000000000000
0000000000000000000000000000000000
0000000020000000000000000000000000
1200000220000102000000000000000000
1200000110000220000000000000000000
0000000022000000000000000000000000
0000000000000000000000000000000000
0000000000000000000000000000000000
0000000000000000000000000010200000
0000000000000000000000000022000000
0000000000000000000002020020200000
0000000000000002100002120100002100
0000000000000002020000002222020200
0000000000020000021000000010010000
0000000000000000000000000002220000
0000000000212000000000000000100000
0000000000000100000000000220220000
0000000000002000000000000021200000
0000000000022000000000000001000000
0000000000000000000000000000000000
0000000000000000000000000000000000
0000000000000000000000000000000000
0000000000000000000000000000000000
0000000000000000000000000000000000
0000000000000000000000000000000000
0000000000000000000000000000000000
0000000000000000000000000000000000
0000000000000000000000000000000000
0000000000000000000000000000000000
0000000000000000000000000000000000
0000000000000000000000000000000000
0000000000000000000000000000000000
0000000000000000000000000000000000
0000000000000000000000000000000000
0000000000000000000000000000000000
iteracao 10
0000000000000000000000000000000000
0000000000000000000000000000000000
0000000000000000000000000000000000
0000000000000000000000000000000000
2000000000000200000000000000000000
2000000220000220000000000000000000
0000000102000000000000000000000000
0000000000000000000000000000000000
0000000000000000000000000000000000
0000000000000000000000000020000000
0000000000000000000000000022000000
0000000000000000000002020020000000
0000000000000002200002220200002200
0000000000000002000000002002021200
0000000000000000022000000020020000
0000000000000000000000000000000000
0000000000220000000000000000200000
0000000000001200000000000021020000
0000000000002000000000000002000000
0000000000000000000000000012100000
0000000000000000000000000000000000
0000000000000000000000000000000000
0000000000000000000000000000000000
0000000000000000000000000000000000
0000000000000000000000000000000000
0000000000000000000000000000000000
0000000000000000000000000000000000
0000000000000000000000000000000000
0000000000000000000000000000000000
0000000000000000000000000000000000
0000000000000000000000000000000000
0000000000000000000000000000000000
0000000000000000000000000000000000
0000000000000000000000000000000000
0000000000000000000000000000000000
0000000000000000000000000000000000
iteracao 11
0000000000000000000000000000000000
0000000000000000000000000000000000
0000000000000000000000000000000000
0000000000000000000000000000000000
0000000000000000000000000000000000
0000000220000000000000000000000000
0000000200000000000000000000000000
0000000000000000000000000000000000
0000000000000000000000000000000000
0000000000000000000000000000000000
0000000000000000000000000000000000
0000000000000000000000000000000000
0000000000000000000000000000002200
0000000000000000000000000000022200
0000000000000000000000000000020000
0000000000000000000000000000000000
0000000000020000000000000000200000
0000000000002200000000000022000000
0000000000002000000000000010100000
0000000000000000000000000020200000
0000000000000000000000000001000000
0000000000000000000000000000000000
0000000000000000000000000000000000
0000000000000000000000000000000000
0000000000000000000000000000000000
0000000000000000000000000000000000
0000000000000000000000000000000000
0000000000000000000000000000000000
0000000000000000000000000000000000
0000000000000000000000000000000000
0000000000000000000000000000000000
0000000000000000000000000000000000
0000000000000000000000000000000000
0000000000000000000000000000000000
0000000000000000000000000000000000
0000000000000000000000000000000000
iteracao 12
0000000000000000000000000000000000
0000000000000000000000000000000000
0000000000000000000000000000000000
0000000000000000000000000000000000
0000000000000000000000000000000000
0000000000000000000000000000000000
0000000000000000000000000000000000
0000000000000000000000000000000000
0000000000000000000000000000000000
0000000000000000000000000000000000
0000000000000000000000000000000000
0000000000000000000000000000000000
0000000000000000000000000000000000
0000000000000000000000000000000000
0000000000000000000000000000000000
0000000000000000000000000000000000
0000000000000000000000000000000000
0000000000000000000000000020000000
0000000000000000000000000021200000
0000000000000000000000000000000000
0000000000000000000000000002000000
0000000000000000000000000000000000
0000000000000000000000000000000000
0000000000000000000000000000000000
0000000000000000000000000000000000
0000000000000000000000000000000000
0000000000000000000000000000000000
0000000000000000000000000000000000
0000000000000000000000000000000000
0000000000000000000000000000000000
0000000000000000000000000000000000
0000000000000000000000000000000000
0000000000000000000000000000000000
0000000000000000000000000000000000
0000000000000000000000000000000000
0000000000000000000000000000000000
iteracao 13
0000000000000000000000000000000000
0000000000000000000000000000000000
0000000000000000000000000000000000
0000000000000000000000000000000000
0000000000000000000000000000000000
0000000000000000000000000000000000
0000000000000000000000000000000000
0000000000000000000000000000000000
0000000000000000000000000000000000
0000000000000000000000000000000000
0000000000000000000000000000000000
0000000000000000000000000000000000
0000000000000000000000000000000000
0000000000000000000000000000000000
0000000000000000000000000000000000
0000000000000000000000000000000000
0000000000000000000000000000000000
0000000000000000000000000020000000
0000000000000000000000000022200000
0000000000000000000000000000000000
0000000000000000000000000000000000
0000000000000000000000000000000000
0000000000000000000000000000000000
0000000000000000000000000000000000
0000000000000000000000000000000000
0000000000000000000000000000000000
0000000000000000000000000000000000
0000000000000000000000000000000000
0000000000000000000000000000000000
0000000000000000000000000000000000
0000000000000000000000000000000000
0000000000000000000000000000000000
0000000000000000000000000000000000
0000000000000000000000000000000000
0000000000000000000000000000000000
0000000000000000000000000000000000
iteracao 14
0000000000000000000000000000000000
0000000000000000000000000000000000
0000000000000000000000000000000000
0000000000000000000000000000000000
0000000000000000000000000000000000
0000000000000000000000000000000000
0000000000000000000000000000000000
0000000000000000000000000000000000
0000000000000000000000000000000000
0000000000000000000000000000000000
0000000000000000000000000000000000
0000000000000000000000000000000000
0000000000000000000000000000000000
0000000000000000000000000000000000
0000000000000000000000000000000000
0000000000000000000000000000000000
0000000000000000000000000000000000
0000000000000000000000000000000000
0000000000000000000000000000000000
0000000000000000000000000000000000
0000000000000000000000000000000000
0000000000000000000000000000000000
0000000000000000000000000000000000
0000000000000000000000000000000000
0000000000000000000000000000000000
0000000000000000000000000000000000
0000000000000000000000000000000000
0000000000000000000000000000000000
0000000000000000000000000000000000
0000000000000000000000000000000000
0000000000000000000000000000000000
0000000000000000000000000000000000
0000000000000000000000000000000000
0000000000000000000000000000000000
0000000000000000000000000000000000
0000000000000000000000000000000000
iteracao 15
0000000000000000000000000000000000
0000000000000000000000000000000000
0000000000000000000000000000000000
0000000000000000000000000000000000
0000000000000000000000000000000000
0000000000000000000000000000000000
0000000000000000000000000000000000
0000000000000000000000000000000000
0000000000000000000000000000000000
0000000000000000000000000000000000
0000000000000000000000000000000000
0000000000000000000000000000000000
0000000000000000000000000000000000
0000000000000000000000000000000000
0000000000000000000000000000000000
0000000000000000000000000000000000
0000000000000000000000000000000000
0000000000000000000000000000000000
0000000000000000000000000000000000
0000000000000000000000000000000000
0000000000000000000000000000000000
0000000000000000000000000000000000
0000000000000000000000000000000000
0000000000000000000000000000000000
0000000000000000000000000000000000
0000000000000000000000000000000000
0000000000000000000000000000000000
0000000000000000000000000000000000
0000000000000000000000000000000000
0000000000000000000000000000000000
0000000000000000000000000000000000
0000000000000000000000000000000000
0000000000000000000000000000000000
0000000000000000000000000000000000
0000000000000000000000000000000000
0000000000000000000000000000000000
iteracao 16
0000000000000000000000000000000000
0000000000000000000000000000000000
0000000000000000000000000000000000
0000000000000000000000000000000000
0000000000000000000000000000000000
0000000000000000000000000000000000
0000000000000000000000000000000000
0000000000000000000000000000000000
0000000000000000000000000000000000
0000000000000000000000000000000000
0000000000000000000000000000000000
0000000000000000000000000000000000
0000000000000000000000000000000000
0000000000000000000000000000000000
0000000000000000000000000000000000
0000000000000000000000000000000000
0000000000000000000000000000000000
0000000000000000000000000000000000
0000000000000000000000000000000000
0000000000000000000000000000000000
0000000000000000000000000000000000
0000000000000000000000000000000000
0000000000000000000000000000000000
0000000000000000000000000000000000
0000000000000000000000000000000000
0000000000000000000000000000000000
0000000000000000000000000000000000
0000000000000000000000000000000000
0000000000000000000000000000000000
0000000000000000000000000000000000
0000000000000000000000000000000000
0000000000000000000000000000000000
0000000000000000000000000000000000
0000000000000000000000000000000000
0000000000000000000000000000000000
0000000000000000000000000000000000
iteracao 17
0000000000000000000000000000000000
0000000000000000000000000000000000
0000000000000000000000000000000000
0000000000000000000000000000000000
0000000000000000000000000000000000
0000000000000000000000000000000000
0000000000000000000000000000000000
0000000000000000000000000000000000
0000000000000000000000000000000000
0000000000000000000000000000000000
0000000000000000000000000000000000
0000000000000000000000000000000000
0000000000000000000000000000000000
0000000000000000000000000000000000
0000000000000000000000000000000000
0000000000000000000000000000000000
0000000000000000000000000000000000
0000000000000000000000000000000000
0000000000000000000000000000000000
0000000000000000000000000000000000
0000000000000000000000000000000000
0000000000000000000000000000000000
0000000000000000000000000000000000
0000000000000000000000000000000000
0000000000000000000000000000000000
0000000000000000000000000000000000
0000000000000000000000000000000000
0000000000000000000000000000000000
0000000000000000000000000000000000
0000000000000000000000000000000000
0000000000000000000000000000000000
0000000000000000000000000000000000
0000000000000000000000000000000000
0000000000000000000000000000000000
0000000000000000000000000000000000
0000000000000000000000000000000000
iteracao 18
0000000000000000000000000000000000
0000000000000000000000000000000000
0000000000000000000000000000000000
0000000000000000000000000000000000
0000000000000000000000000000000000
0000000000000000000000000000000000
0000000000000000000000000000000000
0000000000000000000000000000000000
0000000000000000000000000000000000
0000000000000000000000000000000000
0000000000000000000000000000000000
0000000000000000000000000000000000
0000000000000000000000000000000000
0000000000000000000000000000000000
0000000000000000000000000000000000
0000000000000000000000000000000000
0000000000000000000000000000000000
0000000000000000000000000000000000
0000000000000000000000000000000000
0000000000000000000000000000000000
0000000000000000000000000000000000
0000000000000000000000000000000000
0000000000000000000000000000000000
0000000000000000000000000000000000
0000000000000000000000000000000000
0000000000000000000000000000000000
0000000000000000000000000000000000
0000000000000000000000000000000000
0000000000000000000000000000000000
0000000000000000000000000000000000
0000000000000000000000000000000000
0000000000000000000000000000000000
0000000000000000000000000000000000
0000000000000000000000000000000000
0000000000000000000000000000000000
0000000000000000000000000000000000
iteracao 19
0000000000000000000000000000000000
0000000000000000000000000000000000
0000000000000000000000000000000000
0000000000000000000000000000000000
0000000000000000000000000000000000
0000000000000000000000000000000000
0000000000000000000000000000000000
0000000000000000000000000000000000
0000000000000000000000000000000000
0000000000000000000000000000000000
0000000000000000000000000000000000
0000000000000000000000000000000000
0000000000000000000000000000000000
0000000000000000000000000000000000
0000000000000000000000000000000000
0000000000000000000000000000000000
0000000000000000000000000000000000
0000000000000000000000000000000000
0000000000000000000000000000000000
0000000000000000000000000000000000
0000000000000000000000000000000000
0000000000000000000000000000000000
0000000000000000000000000000000000
0000000000000000000000000000000000
0000000000000000000000000000000000
0000000000000000000000000000000000
0000000000000000000000000000000000
0000000000000000000000000000000000
0000000000000000000000000000000000
0000000000000000000000000000000000
0000000000000000000000000000000000
0000000000000000000000000000000000
0000000000000000000000000000000000
0000000000000000000000000000000000
0000000000000000000000000000000000
0000000000000000000000000000000000
