iteracao 0
2202202111211
1002222002100
1220212201000
1110000001100
2012022011222
1200122221002
0202210221221
2212100120121
2111010022212
2021101200200
2110102012122
0020221001211
2200222011202
1002121120200
0010221020201
2011112020202
1021211012120
2012022221001
0210001022000
2101111101222
0221120121112
2200022001212
2210200022110
1112210222212
2210201011010
2221021002212
2121012101101
2022220101012
2011021112210
1220122021210
1102111100001
2102211011022
2021021002022
2112220201210
2120002120100
2110011021021
2211202022000
1112002200122
2012211010010
1122211110201
0010021222100
1102100001021
1110010102002
1010012010021
0211210221000
1011222102201
0021022111012
iteracao 1
2200002222021
2100220100201
2000222012010
2221000002200
0020020022020
2001202202002
0000021202002
2020200201202
2222010122020
0002102001010
2220200020200
0101202002022
2200200022010
2100202201200
0020002020002
2022220021212
2002022120200
2020100002112
0020002000100
2202222202002
0202200202220
0210122002020
0021200020220
2220221000020
0020002022020
2002002000020
2202020202202
2100000202020
2122102220020
2000200002020
2210222200012
0200022022022
0002102000022
0220221012020
0201010200201
0220122102102
0022010020110
2220110001202
0020022020121
2200022220001
0021102000201
1100200112102
1120020200010
2020020121022
1022020002011
2022020200012
0102100222120
iteracao 2
2200002220002
2200000210202
2010202122021
0022000002200
0001100000000
0002202200000
0000022202000
0000210012200
0002121200020
0002210012120
2201000020000
0212200000022
0000200022120
2200000002000
0020000001002
0000000002022
0002022201001
0000200000222
0000000001200
0000000002000
0200200000000
0220220000000
0002010000000
0020222000000
0000002000000
0000000000000
2200000000000
0210000000000
0202200000000
2111200000020
0220000000022
0201020000022
0002212100000
0021002122020
0002020011212
0021200200200
0000020000220
0000221002000
0000102021202
0001120000002
1102202111202
1201000220200
2200001000020
0020000202000
2000000012022
0122020000020
0202200002200
iteracao 3
0000000220000
0200000020002
0020002202022
0000100000000
0002200000000
0000000000000
0000022202000
0000021122000
0002202010020
0000021120220
0212100021000
0220200000020
0000000002220
0000000000100
0000000002000
0000000010122
0000000002002
0000000011022
0000000002200
0000000002000
0000000000000
0000220000000
0000020000000
0000222000000
0000000000000
0000000000000
0200000000000
0220000000000
0000200000000
2222200000000
0000100000000
0002121000000
0010020210000
0022100200120
0010100122022
0022200211000
0000020000000
0000202002000
0000202022200
1112200100100
2200002222200
2012001001200
2200002000000
0000000002000
2000000022000
0220000000000
0200000000000
iteracao 4
0000000000000
0000000000000
0000000000000
0000200000000
0002200000000
0000000000000
0000020000000
0000022202000
0000010020000
0001002201200
0220211102000
0221200000000
0000000002220
0000000000200
0000000000110
0000000021220
0000000100100
0000000022000
0000000010200
0000000000000
0000000000000
0000000000000
0000000000000
0000000000000
0000000000000
0000000000000
0000000000000
0000000000000
0000000000000
0002200000000
0001200000000
0000202100000
0020100021000
0100210011220
0020210200120
0020200022000
0000000011000
0000000000000
1010002022200
2222000200200
0001000000000
0022002002200
0200002000000
0000000000000
0000000000000
0000000000000
0000000000000
iteracao 5
0000000000000
0000000000000
0000000000000
0000000000000
0000000000000
0000000000000
0000000000000
0000022000000
0000120020000
0002000012200
0001022212000
0022010100000
0000000000000
0000000000010
0000000001220
0000000002000
0000000211200
0000000100000
0000000020000
0000000000000
0000000000000
0000000000000
0000000000000
0000000000000
0000000000000
0000000000000
0000000000000
0000000000000
0000000000000
0002200000000
0002200000000
0001002210000
0020211102100
0200021022020
0020021210220
0000200000100
0000000022000
0100000011000
2120000000000
2000000000000
0002000000000
0022000000000
0000000000000
0000000000000
0000000000000
0000000000000
0000000000000
iteracao 6
0000000000000
0000000000000
0000000000000
0000000000000
0000000000000
0000000000000
0000000000000
0000020000000
0000220020000
0000100120000
0002120020000
0022121210000
0000001000000
0000000000120
0000000002020
0000000000100
0000000022200
0000000201000
0000000020000
0000000000000
0000000000000
0000000000000
0000000000000
0000000000000
0000000000000
0000000000000
0000000000000
0000000000000
0000000000000
0000000000000
0002200000000
0002110021000
0020022210200
0000002000020
0000002021220
0000000101200
0000000000100
1210000022000
0200000011000
2000000000000
0000000000000
0000000000000
0000000000000
0000000000000
0000000000000
0000000000000
0000000000000
iteracao 7
0000000000000
0000000000000
0000000000000
0000000000000
0000000000000
0000000000000
0000000000000
0000000000000
0000220020000
0001210220000
0000201000000
0000202020000
0000002001000
0000000000220
0000000000100
0000000000200
0000000020000
0000000002000
0000000020000
0000000000000
0000000000000
0000000000000
0000000000000
0000000000000
0000000000000
0000000000000
0000000000000
0000000000000
0000000000000
0000000000000
0002010000000
0002220002000
0000102221200
0000000011000
0000002002000
0000000202000
0100000011200
2020000000100
0000000022000
0000000011000
0000000000000
0000000000000
0000000000000
0000000000000
0000000000000
0000000000000
0000000000000
iteracao 8
0000000000000
0000000000000
0000000000000
0000000000000
0000000000000
0000000000000
0000000000000
0000000000000
0000020000000
0002021200000
0000012000000
0000002020000
0000000002000
0000000001020
0000000000200
0000000000200
0000000000000
0000000000000
0000000000000
0000000000000
0000000000000
0000000000000
0000000000000
0000000000000
0000000000000
0000000000000
0000000000000
0000000000000
0000000000000
0000000000000
0000020000000
0002000002000
0000200202000
0000000022100
0000000010000
0000000210000
0200000022000
2020000010200
0000000000100
0000000022000
0000000011000
0000000000000
0000000000000
0000000000000
0000000000000
0000000000000
0000000000000
iteracao 9
0000000000000
0000000000000
0000000000000
0000000000000
0000000000000
0000000000000
0000000000000
0000000000000
0000020000000
0000002200000
0000020000000
0000002000000
0000000002000
0000000002000
0000000000200
0000000000000
0000000000000
0000000000000
0000000000000
0000000000000
0000000000000
0000000000000
0000000000000
0000000000000
0000000000000
0000000000000
0000000000000
0000000000000
0000000000000
0000000000000
0000000000000
0000000000000
0000000002000
0000000020200
0000000120000
0000000021000
0000000100000
0000000021200
0000000001200
0000000000100
0000000022000
0000000011000
0000000000000
0000000000000
0000000000000
0000000000000
0000000000000
iteracao 10
0000000000000
0000000000000
0000000000000
0000000000000
0000000000000
0000000000000
0000000000000
0000000000000
0000000000000
0000000000000
0000000000000
0000000000000
0000000000000
0000000000000
0000000000000
0000000000000
0000000000000
0000000000000
0000000000000
0000000000000
0000000000000
0000000000000
0000000000000
0000000000000
0000000000000
0000000000000
0000000000000
0000000000000
0000000000000
0000000000000
0000000000000
0000000000000
0000000000000
0000000020000
0000000200000
0000001102000
0000000201100
0000000002000
0000000012000
0000000001200
0000000000100
0000000022000
0000000011000
0000000000000
0000000000000
0000000000000
0000000000000
iteracao 11
0000000000000
0000000000000
0000000000000
0000000000000
0000000000000
0000000000000
0000000000000
0000000000000
0000000000000
0000000000000
0000000000000
0000000000000
0000000000000
0000000000000
0000000000000
0000000000000
0000000000000
0000000000000
0000000000000
0000000000000
0000000000000
0000000000000
0000000000000
0000000000000
0000000000000
0000000000000
0000000000000
0000000000000
0000000000000
0000000000000
0000000000000
0000000000000
0000000000000
0000000000000
0000001000000
0000002210100
0000001012200
0000000010100
0000000020000
0000000012000
0000000001200
0000000000100
0000000022000
0000000011000
0000000000000
0000000000000
0000000000000
iteracao 12
0000000000000
0000000000000
0000000000000
0000000000000
0000000000000
0000000000000
0000000000000
0000000000000
0000000000000
0000000000000
0000000000000
0000000000000
0000000000000
0000000000000
0000000000000
0000000000000
0000000000000
0000000000000
0000000000000
0000000000000
0000000000000
0000000000000
0000000000000
0000000000000
0000000000000
0000000000000
0000000000000
0000000000000
0000000000000
0000000000000
0000000000000
0000000000000
0000000000000
0000000000000
0000002101000
0000010020200
0000002020010
0000000020200
0000000100000
0000000020000
0000000012000
0000000001200
0000000000100
0000000022000
0000000011000
0000000000000
0000000000000
iteracao 13
0000000000000
0000000000000
0000000000000
0000000000000
0000000000000
0000000000000
0000000000000
0000000000000
0000000000000
0000000000000
0000000000000
0000000000000
0000000000000
0000000000000
0000000000000
0000000000000
0000000000000
0000000000000
0000000000000
0000000000000
0000000000000
0000000000000
0000000000000
0000000000000
0000000000000
0000000000000
0000000000000
0000000000000
0000000000000
0000000000000
0000000000000
0000000000000
0000000000000
0000000010000
0000000212000
0000021000000
0000002000020
0000000020200
0000000200000
0000000100000
0000000020000
0000000012000
0000000001200
0000000000100
0000000022000
0000000011000
0000000000000
iteracao 14
0000000000000
0000000000000
0000000000000
0000000000000
0000000000000
0000000000000
0000000000000
0000000000000
0000000000000
0000000000000
0000000000000
0000000000000
0000000000000
0000000000000
0000000000000
0000000000000
0000000000000
0000000000000
0000000000000
0000000000000
0000000000000
0000000000000
0000000000000
0000000000000
0000000000000
0000000000000
0000000000000
0000000000000
0000000000000
0000000000000
0000000000000
0000000000000
0000000000000
0000000121000
0000000020000
0000022100000
0000002000000
0000000000000
0000000200000
0000000200000
0000000100000
0000000020000
0000000012000
0000000001200
0000000000100
0000000022000
0000000011000
iteracao 15
0000000000000
0000000000000
0000000000000
0000000000000
0000000000000
0000000000000
0000000000000
0000000000000
0000000000000
0000000000000
0000000000000
0000000000000
0000000000000
0000000000000
0000000000000
0000000000000
0000000000000
0000000000000
0000000000000
0000000000000
0000000000000
0000000000000
0000000000000
0000000000000
0000000000000
0000000000000
0000000000000
0000000000000
0000000000000
0000000000000
0000000000000
0000000000000
0000000010000
0000000202000
0000001100000
0000002200000
0000002000000
0000000000000
0000000000000
0000000200000
0000000200000
0000000100000
0000000020000
0000000012000
0000000001200
0000000000100
0000000022000
iteracao 16
0000000000000
0000000000000
0000000000000
0000000000000
0000000000000
0000000000000
0000000000000
0000000000000
0000000000000
0000000000000
0000000000000
0000000000000
0000000000000
0000000000000
0000000000000
0000000000000
0000000000000
0000000000000
0000000000000
0000000000000
0000000000000
0000000000000
0000000000000
0000000000000
0000000000000
0000000000000
0000000000000
0000000000000
0000000000000
0000000000000
0000000000000
0000000000000
0000000020000
0000001012000
0000002200000
0000000000000
0000000000000
0000000000000
0000000000000
0000000000000
0000000200000
0000000200000
0000000100000
0000000020000
0000000012000
0000000001200
0000000002000
iteracao 17
0000000000000
0000000000000
0000000000000
0000000000000
0000000000000
0000000000000
0000000000000
0000000000000
0000000000000
0000000000000
0000000000000
0000000000000
0000000000000
0000000000000
0000000000000
0000000000000
0000000000000
0000000000000
0000000000000
0000000000000
0000000000000
0000000000000
0000000000000
0000000000000
0000000000000
0000000000000
0000000000000
0000000000000
0000000000000
0000000000000
0000000000000
0000000000000
0000000120000
0000002122000
0000002000000
0000000000000
0000000000000
0000000000000
0000000000000
0000000000000
0000000000000
0000000200000
0000000200000
0000000100000
0000000020000
0000000012200
0000000002000
iteracao 18
0000000000000
0000000000000
0000000000000
0000000000000
0000000000000
0000000000000
0000000000000
0000000000000
0000000000000
0000000000000
0000000000000
0000000000000
0000000000000
0000000000000
0000000000000
0000000000000
0000000000000
0000000000000
0000000000000
0000000000000
0000000000000
0000000000000
0000000000000
0000000000000
0000000000000
0000000000000
0000000000000
0000000000000
0000000000000
0000000000000
0000000000000
0000000000000
0000001200000
0000000200000
0000002000000
0000000000000
0000000000000
0000000000000
0000000000000
0000000000000
0000000000000
0000000000000
0000000200000
0000000200000
0000000100000
0000000022000
0000000002000
iteracao 19
0000000000000
0000000000000
0000000000000
0000000000000
0000000000000
0000000000000
0000000000000
0000000000000
0000000000000
0000000000000
0000000000000
0000000000000
0000000000000
0000000000000
0000000000000
0000000000000
0000000000000
0000000000000
0000000000000
0000000000000
0000000000000
0000000000000
0000000000000
0000000000000
0000000000000
0000000000000
0000000000000
0000000000000
0000000000000
0000000000000
0000000000000
0000000000000
0000002200000
0000000200000
0000000000000
0000000000000
0000000000000
0000000000000
0000000000000
0000000000000
0000000000000
0000000000000
0000000000000
0000000200000
0000000200000
0000000020000
0000000000000
iteracao 20
0000000000000
0000000000000
0000000000000
0000000000000
0000000000000
0000000000000
0000000000000
0000000000000
0000000000000
0000000000000
0000000000000
0000000000000
0000000000000
0000000000000
0000000000000
0000000000000
0000000000000
0000000000000
0000000000000
0000000000000
0000000000000
0000000000000
0000000000000
0000000000000
0000000000000
0000000000000
0000000000000
0000000000000
0000000000000
0000000000000
0000000000000
0000000000000
0000000000000
0000000000000
0000000000000
0000000000000
0000000000000
0000000000000
0000000000000
0000000000000
0000000000000
0000000000000
0000000000000
0000000000000
0000000000000
0000000000000
0000000000000
