Consulta 0:
Populacao total: 1577
Consulta 1:
Nao ha uma cidade com o CEP 10002409
Consulta 2:
Cidades no raio de 303:
2
7
8
Consulta 3:
Populacao total: 1443
Consulta 4:
Cidades no raio de 63:
2
Consulta 5:
Mediana da populacao: 571.0
Consulta 6:
Populacao total: 621
Consulta 7:
Cidades no raio de 267:
6
1
Consulta 8:
Mediana da populacao: 688.0
Consulta 9:
Populacao total: 833
Consulta 10:
Nao ha uma cidade com o CEP 10002474
Consulta 11:
Nao ha uma cidade com o CEP 10002390
Consulta 12:
Cidade com CEP 10001636: 8
Consulta 13:
Mediana da populacao: 720.0
