Consulta 0:
Mediana da populacao: 287.5
Consulta 1:
Mediana da populacao: 194.5
Consulta 2:
Cidades no raio de 685:
2
4
0
3
Consulta 3:
Mediana da populacao: 194.5
Consulta 4:
Nao ha uma cidade com o CEP 10001865
Consulta 5:
Cidade com CEP 10000334: 1
Consulta 6:
Cidades no raio de 235:
1
Consulta 7:
Cidade com CEP 10000312: 1
Consulta 8:
Mediana da populacao: 194.5
Consulta 9:
Cidades no raio de 312:
3
2
4
0
Consulta 10:
Mediana da populacao: 146.5
Consulta 11:
Cidade com CEP 10000417: 1
Consulta 12:
Mediana da populacao: 194.5
Consulta 13:
Cidades no raio de 130:
4
2
0
Consulta 14:
Populacao total: 420
Consulta 15:
Mediana da populacao: 194.5
Consulta 16:
Cidades no raio de 373:
2
4
0
3
Consulta 17:
Populacao total: 1395
