Consulta 0:
Mediana da populacao: 508.5
Consulta 1:
Cidade com CEP 10002431: 10
Consulta 2:
Cidade com CEP 10010385: 33
Consulta 3:
Cidade com CEP 10008303: 28
Consulta 4:
Mediana da populacao: 464.0
Consulta 5:
Mediana da populacao: 531.0
Consulta 6:
Populacao total: 17356
Consulta 7:
Populacao total: 19433
Consulta 8:
Nao ha uma cidade com o CEP 10013333
Consulta 9:
Cidade com CEP 10002247: 10
Consulta 10:
Mediana da populacao: 481.0
Consulta 11:
Mediana da populacao: 481.0
Consulta 12:
Cidades no raio de 224:
30
5
13
12
34
29
3
19
27
14
Consulta 13:
Populacao total: 17987
