Consulta 0:
Populacao total: 2532
Consulta 1:
Cidades no raio de 468:
2
1
6
9
7
11
15
12
Consulta 2:
Mediana da populacao: 719.0
Consulta 3:
Cidades no raio de 596:
11
7
5
2
8
6
1
14
Consulta 4:
Mediana da populacao: 563.5
Consulta 5:
Populacao total: 7284
Consulta 6:
Mediana da populacao: 229.0
Consulta 7:
Cidade com CEP 10002193: 15
Consulta 8:
Cidade com CEP 10000688: 2
Consulta 9:
Nao ha uma cidade com o CEP 10002646
Consulta 10:
Populacao total: 6462
Consulta 11:
Mediana da populacao: 447.0
Consulta 12:
Mediana da populacao: 559.0
Consulta 13:
Populacao total: 8403
Consulta 14:
Mediana da populacao: 568.0
Consulta 15:
Cidades no raio de 349:
9
1
12
15
0
13
2
Consulta 16:
Cidades no raio de 572:
3
10
13
4
15
0
9
8
2
1
