Consulta 0:
Cidade com CEP 10000497: 1
Consulta 1:
Populacao total: 9868
Consulta 2:
Cidade com CEP 10003404: 12
Consulta 3:
Cidades no raio de 349:
22
8
26
10
7
Consulta 4:
Mediana da populacao: 592.0
Consulta 5:
Nao ha uma cidade com o CEP 10008547
Consulta 6:
Cidades no raio de 373:
1
17
11
23
5
14
15
21
16
0
12
4
Consulta 7:
Mediana da populacao: 614.0
Consulta 8:
Mediana da populacao: 501.0
Consulta 9:
Mediana da populacao: 556.0
Consulta 10:
Mediana da populacao: 556.0
Consulta 11:
Populacao total: 12676
Consulta 12:
Populacao total: 6067
Consulta 13:
Mediana da populacao: 387.0
Consulta 14:
Mediana da populacao: 573.5
Consulta 15:
Cidade com CEP 10000596: 1
Consulta 16:
Cidades no raio de 318:
13
6
2
18
3
19
25
24
Consulta 17:
Nao ha uma cidade com o CEP 10007353
Consulta 18:
Cidade com CEP 10004164: 15
Consulta 19:
Mediana da populacao: 538.0
