Consulta 0:
Populacao total: 16703
Consulta 1:
Populacao total: 14114
Consulta 2:
Cidade com CEP 10001491: 8
Consulta 3:
Populacao total: 11352
Consulta 4:
Populacao total: 361
Consulta 5:
Cidade com CEP 10001655: 8
Consulta 6:
Cidade com CEP 10001824: 8
Consulta 7:
Cidades no raio de 862:
2
37
29
35
32
36
28
12
9
3
20
10
0
16
41
27
11
8
6
13
15
21
5
31
1
26
23
34
18
25
38
42
14
40
30
43
33
24
4
17
7
39
Consulta 8:
Mediana da populacao: 394.5
Consulta 9:
Mediana da populacao: 458.0
Consulta 10:
Cidades no raio de 181:
13
1
31
38
27
18
12
Consulta 11:
Cidades no raio de 429:
42
43
40
25
34
33
24
18
7
23
16
4
38
8
39
0
1
13
41
3
14
30
6
12
31
22
Consulta 12:
Cidades no raio de 315:
4
39
38
33
18
40
34
25
7
1
14
17
43
42
13
31
Consulta 13:
Cidade com CEP 10006064: 24
Consulta 14:
Mediana da populacao: 471.5
Consulta 15:
Cidades no raio de 426:
10
9
29
32
6
28
41
8
0
2
37
15
3
35
16
23
12
30
Consulta 16:
Populacao total: 1215
Consulta 17:
Nao ha uma cidade com o CEP 10015285
Consulta 18:
Populacao total: 19840
